<?xml version="1.0" encoding="UTF-8"?>
<testsuite xmlns:xsi="http://www.w3.org/2001/XMLSchema-instance" xsi:noNamespaceSchemaLocation="https://maven.apache.org/surefire/maven-surefire-plugin/xsd/surefire-test-report.xsd" version="3.0.2" name="ms.example.ms_BFF.MsBffApplicationTests" time="5.125" tests="1" errors="0" skipped="0" failures="0" flakes="0">
  <properties>
[...]
</properties>
  <testcase name="contextLoads" classname="ms.example.ms_BFF.MsBffApplicationTests" time="0.505">
    <system-out><![CDATA[11:39:23.407 [main] INFO org.springframework.test.context.support.AnnotationConfigContextLoaderUtils -- Could not detect default configuration classes for test class [ms.example.ms_BFF.MsBffApplicationTests]: MsBffApplicationTests does not declare any static, non-private, non-final, nested classes annotated with @Configuration.
11:39:23.479 [main] INFO org.springframework.boot.test.context.SpringBootTestContextBootstrapper -- Found @SpringBootConfiguration ms.example.ms_BFF.MsBffApplication for test class ms.example.ms_BFF.MsBffApplicationTests
11:39:23.545 [main] INFO org.springframework.test.context.support.AnnotationConfigContextLoaderUtils -- Could not detect default configuration classes for test class [ms.example.ms_BFF.MsBffApplicationTests]: MsBffApplicationTests does not declare any static, non-private, non-final, nested classes annotated with @Configuration.
11:39:23.546 [main] INFO org.springframework.boot.test.context.SpringBootTestContextBootstrapper -- Found @SpringBootConfiguration ms.example.ms_BFF.MsBffApplication for test class ms.example.ms_BFF.MsBffApplicationTests

  .   ____          _            __ _ _
 /\\ / ___'_ __ _ _(_)_ __  __ _ \ \ \ \
( ( )\___ | '_ | '_| | '_ \/ _` | \ \ \ \
 \\/  ___)| |_)| | | | | || (_| |  ) ) ) )
  '  |____| .__|_| |_|_| |_\__, | / / / /
 =========|_|==============|___/=/_/_/_/

 :: Spring Boot ::                (v4.0.6)

2026-06-05T11:39:23.955-04:00  INFO 21796 --- [ms-BFF] [           main] m.example.ms_BFF.MsBffApplicationTests   : Starting MsBffApplicationTests using Java 21.0.9 with PID 21796 (started by SB-Alumno in C:\Users\sb-alumno\Downloads\a\Innovatech-Solutions\ms-BFF)
2026-06-05T11:39:23.956-04:00  INFO 21796 --- [ms-BFF] [           main] m.example.ms_BFF.MsBffApplicationTests   : No active profile set, falling back to 1 default profile: "default"
2026-06-05T11:39:24.980-04:00  INFO 21796 --- [ms-BFF] [           main] o.s.cloud.context.scope.GenericScope     : BeanFactory id=fc568ed2-7aef-3122-b681-e875e7ef7f68
2026-06-05T11:39:27.658-04:00  INFO 21796 --- [ms-BFF] [           main] o.s.b.a.e.web.EndpointLinksResolver      : Exposing 1 endpoint beneath base path '/actuator'
2026-06-05T11:39:27.717-04:00  INFO 21796 --- [ms-BFF] [           main] m.example.ms_BFF.MsBffApplicationTests   : Started MsBffApplicationTests in 4.002 seconds (process running for 5.049)
]]></system-out>
    <system-err><![CDATA[Mockito is currently self-attaching to enable the inline-mock-maker. This will no longer work in future releases of the JDK. Please add Mockito as an agent to your build as described in Mockito's documentation: https://javadoc.io/doc/org.mockito/mockito-core/latest/org.mockito/org/mockito/Mockito.html#0.3
WARNING: A Java agent has been loaded dynamically (C:\Users\sb-alumno\.m2\repository\net\bytebuddy\byte-buddy-agent\1.17.8\byte-buddy-agent-1.17.8.jar)
WARNING: If a serviceability tool is in use, please run with -XX:+EnableDynamicAgentLoading to hide this warning
WARNING: If a serviceability tool is not in use, please run with -Djdk.instrument.traceUsage for more information
WARNING: Dynamic loading of agents will be disallowed by default in a future release
]]></system-err>
  </testcase>
</testsuite>